#
# A fatal error has been detected by the Java Runtime Environment:
#
#  Internal Error (javaClasses.cpp:129), pid=5692, tid=3312
#  fatal error: Invalid layout of preloaded class
#
# JRE version: 7.0_17-b02
# Java VM: Java HotSpot(TM) Client VM (23.7-b01 mixed mode windows-x86 )
# Failed to write core dump. Minidumps are not enabled by default on client versions of Windows
#
# If you would like to submit a bug report, please visit:
#   http://bugreport.sun.com/bugreport/crash.jsp
#

---------------  T H R E A D  ---------------

Current thread (0x01a7ac00):  JavaThread "Unknown thread" [_thread_in_vm, id=3312, stack(0x00a30000,0x00a80000)]

Stack: [0x00a30000,0x00a80000],  sp=0x00a7f748,  free space=317k
Native frames: (J=compiled Java code, j=interpreted, Vv=VM code, C=native code)
V  [jvm.dll+0x16f261]
V  [jvm.dll+0x1693d6]
V  [jvm.dll+0x2079f]
V  [jvm.dll+0x20826]
V  [jvm.dll+0x2e5bd]
V  [jvm.dll+0x2e869]
V  [jvm.dll+0x77ba1]
V  [jvm.dll+0x77f5b]
V  [jvm.dll+0x1290e1]
V  [jvm.dll+0x149b3a]
V  [jvm.dll+0xa98df]
C  [javaw.exe+0x13ca]
C  [javaw.exe+0x1e3c]
C  [javaw.exe+0xa5a1]
C  [javaw.exe+0xa62b]
C  [KERNEL32.DLL+0x1866]  BaseThreadInitThunk+0x12
C  [ntdll.dll+0x368f1]  LdrInitializeThunk+0x1a3
C  [ntdll.dll+0x3689d]  LdrInitializeThunk+0x14f


---------------  P R O C E S S  ---------------

Java Threads: ( => current thread )

Other Threads:

=>0x01a7ac00 (exited) JavaThread "Unknown thread" [_thread_in_vm, id=3312, stack(0x00a30000,0x00a80000)]

VM state:not at safepoint (not fully initialized)

VM Mutex/Monitor currently owned by a thread: None

GC Heap History (0 events):
No events

Deoptimization events (0 events):
No events

Internal exceptions (0 events):
No events

Events (10 events):
Event: 0.018 loading class 0x01964728 done
Event: 0.018 loading class 0x01945768 done
Event: 0.018 loading class 0x01945718
Event: 0.018 loading class 0x0196b440
Event: 0.018 loading class 0x0196b440 done
Event: 0.018 loading class 0x0196b478
Event: 0.018 loading class 0x0196b478 done
Event: 0.018 loading class 0x019b18d8
Event: 0.018 loading class 0x019b18d8 done
Event: 0.019 loading class 0x01945718 done


Dynamic libraries:
0x00a80000 - 0x00aaf000 	C:\Program Files\Java\jre7\bin\javaw.exe
0x77820000 - 0x77987000 	C:\Windows\SYSTEM32\ntdll.dll
0x77560000 - 0x77658000 	C:\Windows\system32\KERNEL32.DLL
0x750f0000 - 0x751ad000 	C:\Windows\system32\KERNELBASE.dll
0x75dd0000 - 0x75e7e000 	C:\Windows\system32\ADVAPI32.dll
0x75e80000 - 0x75fa1000 	C:\Windows\system32\USER32.dll
0x732f0000 - 0x734e7000 	C:\Windows\WinSxS\x86_microsoft.windows.common-controls_6595b64144ccf1df_6.0.9200.16384_none_893961408605e985\COMCTL32.dll
0x752b0000 - 0x75361000 	C:\Windows\system32\msvcrt.dll
0x76260000 - 0x76294000 	C:\Windows\SYSTEM32\sechost.dll
0x75b40000 - 0x75c12000 	C:\Windows\system32\RPCRT4.dll
0x75a30000 - 0x75b3a000 	C:\Windows\system32\GDI32.dll
0x777e0000 - 0x7780b000 	C:\Windows\system32\IMM32.DLL
0x76060000 - 0x7613d000 	C:\Windows\system32\MSCTF.dll
0x6d480000 - 0x6d53e000 	C:\Program Files\Java\jre7\bin\msvcr100.dll
0x67e70000 - 0x681bc000 	C:\Program Files\Java\jre7\bin\client\jvm.dll
0x686c0000 - 0x686c8000 	C:\Windows\SYSTEM32\WSOCK32.dll
0x70280000 - 0x702a1000 	C:\Windows\SYSTEM32\WINMM.dll
0x77550000 - 0x77556000 	C:\Windows\system32\PSAPI.DLL
0x75fb0000 - 0x76000000 	C:\Windows\system32\WS2_32.dll
0x70240000 - 0x7026a000 	C:\Windows\SYSTEM32\WINMMBASE.dll
0x77810000 - 0x77818000 	C:\Windows\system32\NSI.dll
0x700c0000 - 0x700cc000 	C:\Program Files\Java\jre7\bin\verify.dll
0x6f210000 - 0x6f230000 	C:\Program Files\Java\jre7\bin\java.dll
0x6efc0000 - 0x6efd3000 	C:\Program Files\Java\jre7\bin\zip.dll
0x6f6f0000 - 0x6f819000 	C:\Windows\SYSTEM32\dbghelp.dll

VM Arguments:
jvm_args: -Dfile.encoding=Cp1255 -Xbootclasspath:C:\adt-bundle-windows-x86\sdk\platforms\android-4.2\android.jar;C:\adt-bundle-windows-x86\sdk\add-ons\addon-google_apis-google-17\libs\effects.jar;C:\adt-bundle-windows-x86\sdk\add-ons\addon-google_apis-google-17\libs\usb.jar;C:\adt-bundle-windows-x86\sdk\add-ons\addon-google_apis-google-17\libs\maps.jar 
java_command: com.elichai.nivim.test
Launcher Type: SUN_STANDARD

Environment Variables:
PATH=C:/Program Files/Java/jre7/bin/client;C:/Program Files/Java/jre7/bin;C:/Program Files/Java/jre7/lib/i386;C:\Python33\;C:\Windows\system32;C:\Windows;C:\Windows\System32\Wbem;C:\Windows\System32\WindowsPowerShell\v1.0\;C:\Program Files\Microsoft Network Monitor 3\;C:\Program Files\OpenVPN\bin;C:\adt-bundle-windows-x86\sdk\platform-tools;C:\adt-bundle-windows-x86\eclipse_indigo;
USERNAME=elichai2
OS=Windows_NT
PROCESSOR_IDENTIFIER=x86 Family 6 Model 14 Stepping 12, GenuineIntel



---------------  S Y S T E M  ---------------

OS: Windows 8 Build 9200 

CPU:total 2 (2 cores per cpu, 1 threads per core) family 6 model 14 stepping 12, cmov, cx8, fxsr, mmx, sse, sse2, sse3, tsc

Memory: 4k page, physical 2086788k(636644k free), swap 4184244k(1685988k free)

vm_info: Java HotSpot(TM) Client VM (23.7-b01) for windows-x86 JRE (1.7.0_17-b02), built on Mar  1 2013 05:04:36 by "java_re" with unknown MS VC++:1600

time: Sun Apr 07 00:11:18 2013
elapsed time: 0 seconds

